<?xml version="1.0" encoding="UTF-8"?>
<!-- Generated by org.testng.reporters.JUnitXMLReporter -->
<testsuite ignored="1" hostname="ac" failures="0" tests="1" name="Default test" time="22.702" errors="0" timestamp="2023-03-17T11:14:23 IST">
  <testcase classname="testNgTrala.SipCalculatorFunctionality" name="calculateSIPbyEnteringAllValidInput" time="12.704"/>
  <testcase classname="testNgTrala.SipCalculatorFunctionality" name="calculateSIPbyEnteringValidInputWithPercentageSlider" time="0.0">
    <ignored/>
  </testcase> <!-- calculateSIPbyEnteringValidInputWithPercentageSlider -->
</testsuite> <!-- Default test -->
