<?xml version="1.0" encoding="UTF-8"?>
<testng-results ignored="1" total="2" passed="1" failed="0" skipped="0">
  <reporter-output>
  </reporter-output>
  <suite started-at="2023-03-17T11:14:01 IST" name="Default suite" finished-at="2023-03-17T11:14:23 IST" duration-ms="22702">
    <groups>
    </groups>
    <test started-at="2023-03-17T11:14:01 IST" name="Default test" finished-at="2023-03-17T11:14:23 IST" duration-ms="22702">
      <class name="testNgTrala.SipCalculatorFunctionality">
        <test-method is-config="true" signature="beforeClass()[pri:0, instance:testNgTrala.SipCalculatorFunctionality@13e39c73]" started-at="2023-03-17T11:14:01 IST" name="beforeClass" finished-at="2023-03-17T11:14:02 IST" duration-ms="1039" status="PASS">
          <reporter-output>
          </reporter-output>
        </test-method> <!-- beforeClass -->
        <test-method is-config="true" signature="goToSipCalculator()[pri:0, instance:testNgTrala.SipCalculatorFunctionality@13e39c73]" started-at="2023-03-17T11:14:02 IST" name="goToSipCalculator" finished-at="2023-03-17T11:14:11 IST" duration-ms="8919" status="PASS">
          <reporter-output>
          </reporter-output>
        </test-method> <!-- goToSipCalculator -->
        <test-method signature="calculateSIPbyEnteringAllValidInput()[pri:0, instance:testNgTrala.SipCalculatorFunctionality@13e39c73]" started-at="2023-03-17T11:14:11 IST" name="calculateSIPbyEnteringAllValidInput" finished-at="2023-03-17T11:14:23 IST" duration-ms="12704" status="PASS">
          <reporter-output>
          </reporter-output>
        </test-method> <!-- calculateSIPbyEnteringAllValidInput -->
        <test-method is-config="true" signature="afterMethod()[pri:0, instance:testNgTrala.SipCalculatorFunctionality@13e39c73]" started-at="2023-03-17T11:14:23 IST" name="afterMethod" finished-at="2023-03-17T11:14:23 IST" duration-ms="0" status="PASS">
          <reporter-output>
          </reporter-output>
        </test-method> <!-- afterMethod -->
        <test-method is-config="true" signature="afterClass()[pri:0, instance:testNgTrala.SipCalculatorFunctionality@13e39c73]" started-at="2023-03-17T11:14:23 IST" name="afterClass" finished-at="2023-03-17T11:14:23 IST" duration-ms="1" status="PASS">
          <reporter-output>
          </reporter-output>
        </test-method> <!-- afterClass -->
      </class> <!-- testNgTrala.SipCalculatorFunctionality -->
    </test> <!-- Default test -->
  </suite> <!-- Default suite -->
</testng-results>
